<?xml version="1.0" encoding="UTF-8"?>
<!-- Generated by org.testng.reporters.JUnitReportReporter -->
<testsuite skipped="0" hostname="DESKTOP-VHDGNJ1" name="com.shop.demoq.testcase.PlaceOrderTest" tests="1" failures="0" timestamp="2021-05-09T22:30:27 EDT" time="37.552" errors="0">
  <testcase name="placeOrderEndToEndScenario" time="37.552" classname="com.shop.demoq.testcase.PlaceOrderTest"/>
  <system-out/>
</testsuite> <!-- com.shop.demoq.testcase.PlaceOrderTest -->
